The system is: Windows - 10.0.17763 - AMD64
Compiling the CSharp compiler identification source file "CMakeCSharpCompilerId.cs" succeeded.
Compiler:  
Build flags: 
Id flags:  

The output was:
0
Microsoft (R) Build Engine version 16.7.0+b89cb5fde for .NET Framework
Copyright (C) Microsoft Corporation. All rights reserved.

Build started 11-Jan-21 03:36:14.
Project "D:\docs\edu\mivlgu\5_sem\database\orders\repair-company-db\app\bin_16\CMakeFiles\3.16.3\CompilerIdCSharp\CompilerIdCSharp.csproj" on node 1 (default targets).
PrepareForBuild:
  Creating directory "obj\x64\Debug\".
CoreCompile:
  D:\Program Files (x86)\Microsoft Visual Studio\2019\Community\MSBuild\Current\Bin\Roslyn\csc.exe /noconfig /nowarn:1701,1702 /nostdlib+ /define:Platformx64;PlatformToolsetv142 /highentropyva- /reference:"C:\Program Files (x86)\Reference Assemblies\Microsoft\Framework\.NETFramework\v4.0\mscorlib.dll" /reference:"C:\Program Files (x86)\Reference Assemblies\Microsoft\Framework\.NETFramework\v4.0\System.Core.dll" /debug+ /out:obj\x64\Debug\CompilerIdCSharp.exe /ruleset:"D:\Program Files (x86)\Microsoft Visual Studio\2019\Community\Team Tools\Static Analysis Tools\\Rule Sets\MinimumRecommendedRules.ruleset" /target:exe /utf8output /langversion:7.3 CMakeCSharpCompilerId.cs "obj\x64\Debug\.NETFramework,Version=v4.0.AssemblyAttributes.cs"
  Using shared compilation with compiler from directory: D:\Program Files (x86)\Microsoft Visual Studio\2019\Community\MSBuild\Current\Bin\Roslyn
CopyFilesToOutputDirectory:
  Copying file from "D:\docs\edu\mivlgu\5_sem\database\orders\repair-company-db\app\bin_16\CMakeFiles\3.16.3\CompilerIdCSharp\obj\x64\Debug\CompilerIdCSharp.exe" to "D:\docs\edu\mivlgu\5_sem\database\orders\repair-company-db\app\bin_16\CMakeFiles\3.16.3\CompilerIdCSharp\CompilerIdCSharp.exe".
  CompilerIdCSharp -> D:\docs\edu\mivlgu\5_sem\database\orders\repair-company-db\app\bin_16\CMakeFiles\3.16.3\CompilerIdCSharp\CompilerIdCSharp.exe
  Copying file from "D:\docs\edu\mivlgu\5_sem\database\orders\repair-company-db\app\bin_16\CMakeFiles\3.16.3\CompilerIdCSharp\obj\x64\Debug\CompilerIdCSharp.pdb" to "D:\docs\edu\mivlgu\5_sem\database\orders\repair-company-db\app\bin_16\CMakeFiles\3.16.3\CompilerIdCSharp\CompilerIdCSharp.pdb".
PostBuildEvent:
  if not "D:\Program Files (x86)\Microsoft Visual Studio\2019\Community\MSBuild\Current\Bin\Roslyn"=="" if exist "D:\Program Files (x86)\Microsoft Visual Studio\2019\Community\MSBuild\Current\Bin\Roslyn\csc.exe" set _CSC=D:\Program Files (x86)\Microsoft Visual Studio\2019\Community\MSBuild\Current\Bin\Roslyn
  if exist "D:\Program Files (x86)\Microsoft Visual Studio\2019\Community\MSBuild\Current\Bin\csc.exe" set _CSC=D:\Program Files (x86)\Microsoft Visual Studio\2019\Community\MSBuild\Current\Bin
  if "%_CSC%"=="" exit -1
  @echo CMAKE_CSharp_COMPILER=%_CSC%\csc.exe
  CMAKE_CSharp_COMPILER=D:\Program Files (x86)\Microsoft Visual Studio\2019\Community\MSBuild\Current\Bin\Roslyn\csc.exe
Done Building Project "D:\docs\edu\mivlgu\5_sem\database\orders\repair-company-db\app\bin_16\CMakeFiles\3.16.3\CompilerIdCSharp\CompilerIdCSharp.csproj" (default targets).

Build succeeded.
    0 Warning(s)
    0 Error(s)

Time Elapsed 00:00:04.09


Compilation of the CSharp compiler identification source "CMakeCSharpCompilerId.cs" produced "CompilerIdCSharp.csproj"

Compilation of the CSharp compiler identification source "CMakeCSharpCompilerId.cs" produced "CompilerIdCSharp.exe"

Compilation of the CSharp compiler identification source "CMakeCSharpCompilerId.cs" produced "CompilerIdCSharp.pdb"

The CSharp compiler identification is Microsoft unknown, found in "D:/docs/edu/mivlgu/5_sem/database/orders/repair-company-db/app/bin_16/CMakeFiles/3.16.3/CompilerIdCSharp/CompilerIdCSharp.exe"

Determining if the C# compiler works passed with the following output:
Change Dir: D:/docs/edu/mivlgu/5_sem/database/orders/repair-company-db/app/bin_16/CMakeFiles/CMakeTmp

Run Build Command(s):D:/Program Files (x86)/Microsoft Visual Studio/2019/Community/MSBuild/Current/Bin/MSBuild.exe cmTC_4ba29.csproj /p:Configuration=Debug /p:Platform=x64 /p:VisualStudioVersion=16.0 /v:m && Microsoft (R) Build Engine version 16.7.0+b89cb5fde for .NET Framework
Copyright (C) Microsoft Corporation. All rights reserved.

  cmTC_4ba29 -> D:\docs\edu\mivlgu\5_sem\database\orders\repair-company-db\app\bin_16\CMakeFiles\CMakeTmp\Debug\cmTC_4ba29.exe



